{"/home/jorge-serrano/Proyectos/jskeleton/Gruntfile.js":{"path":"/home/jorge-serrano/Proyectos/jskeleton/Gruntfile.js","s":{"1":1,"2":1,"3":1,"4":1,"5":1,"6":1,"7":0,"8":1,"9":0,"10":0,"11":0,"12":0,"13":0,"14":1,"15":0,"16":0,"17":1,"18":1,"19":0,"20":1,"21":0,"22":1,"23":1,"24":1},"b":{"1":[0,0],"2":[0,0],"3":[0,0],"4":[0,1],"5":[0,1]},"f":{"1":1,"2":0,"3":0,"4":0,"5":1},"fnMap":{"1":{"name":"(anonymous_1)","line":12,"loc":{"start":{"line":12,"column":17},"end":{"line":12,"column":33}}},"2":{"name":"(anonymous_2)","line":248,"loc":{"start":{"line":248,"column":29},"end":{"line":248,"column":40}}},"3":{"name":"(anonymous_3)","line":267,"loc":{"start":{"line":267,"column":107},"end":{"line":267,"column":124}}},"4":{"name":"(anonymous_4)","line":283,"loc":{"start":{"line":283,"column":33},"end":{"line":283,"column":50}}},"5":{"name":"(anonymous_5)","line":288,"loc":{"start":{"line":288,"column":31},"end":{"line":288,"column":48}}}},"statementMap":{"1":{"start":{"line":12,"column":0},"end":{"line":324,"column":2}},"2":{"start":{"line":15,"column":4},"end":{"line":15,"column":33}},"3":{"start":{"line":18,"column":4},"end":{"line":18,"column":39}},"4":{"start":{"line":21,"column":4},"end":{"line":21,"column":23}},"5":{"start":{"line":24,"column":4},"end":{"line":32,"column":6}},"6":{"start":{"line":35,"column":4},"end":{"line":264,"column":7}},"7":{"start":{"line":249,"column":20},"end":{"line":255,"column":23}},"8":{"start":{"line":267,"column":4},"end":{"line":281,"column":7}},"9":{"start":{"line":271,"column":8},"end":{"line":273,"column":9}},"10":{"start":{"line":272,"column":12},"end":{"line":272,"column":73}},"11":{"start":{"line":274,"column":8},"end":{"line":276,"column":9}},"12":{"start":{"line":275,"column":12},"end":{"line":275,"column":74}},"13":{"start":{"line":278,"column":8},"end":{"line":278,"column":58}},"14":{"start":{"line":283,"column":4},"end":{"line":286,"column":7}},"15":{"start":{"line":284,"column":8},"end":{"line":284,"column":102}},"16":{"start":{"line":285,"column":8},"end":{"line":285,"column":65}},"17":{"start":{"line":288,"column":4},"end":{"line":307,"column":7}},"18":{"start":{"line":295,"column":7},"end":{"line":298,"column":8}},"19":{"start":{"line":296,"column":11},"end":{"line":296,"column":48}},"20":{"start":{"line":299,"column":7},"end":{"line":302,"column":8}},"21":{"start":{"line":300,"column":11},"end":{"line":300,"column":48}},"22":{"start":{"line":304,"column":8},"end":{"line":306,"column":11}},"23":{"start":{"line":309,"column":4},"end":{"line":317,"column":7}},"24":{"start":{"line":319,"column":4},"end":{"line":323,"column":7}}},"branchMap":{"1":{"line":271,"type":"if","locations":[{"start":{"line":271,"column":8},"end":{"line":271,"column":8}},{"start":{"line":271,"column":8},"end":{"line":271,"column":8}}]},"2":{"line":274,"type":"if","locations":[{"start":{"line":274,"column":8},"end":{"line":274,"column":8}},{"start":{"line":274,"column":8},"end":{"line":274,"column":8}}]},"3":{"line":285,"type":"cond-expr","locations":[{"start":{"line":285,"column":34},"end":{"line":285,"column":51}},{"start":{"line":285,"column":55},"end":{"line":285,"column":62}}]},"4":{"line":295,"type":"if","locations":[{"start":{"line":295,"column":7},"end":{"line":295,"column":7}},{"start":{"line":295,"column":7},"end":{"line":295,"column":7}}]},"5":{"line":299,"type":"if","locations":[{"start":{"line":299,"column":7},"end":{"line":299,"column":7}},{"start":{"line":299,"column":7},"end":{"line":299,"column":7}}]}}}}