TN:
SF:/home/jorge-serrano/Proyectos/jskeleton/Gruntfile.js
FN:12,(anonymous_1)
FN:248,(anonymous_2)
FN:267,(anonymous_3)
FN:283,(anonymous_4)
FN:288,(anonymous_5)
FNF:5
FNH:2
FNDA:1,(anonymous_1)
FNDA:0,(anonymous_2)
FNDA:0,(anonymous_3)
FNDA:0,(anonymous_4)
FNDA:1,(anonymous_5)
DA:12,1
DA:15,1
DA:18,1
DA:21,1
DA:24,1
DA:35,1
DA:249,0
DA:267,1
DA:271,0
DA:272,0
DA:274,0
DA:275,0
DA:278,0
DA:283,1
DA:284,0
DA:285,0
DA:288,1
DA:295,1
DA:296,0
DA:299,1
DA:300,0
DA:304,1
DA:309,1
DA:319,1
LF:24
LH:14
BRDA:271,1,0,0
BRDA:271,1,1,0
BRDA:274,2,0,0
BRDA:274,2,1,0
BRDA:285,3,0,0
BRDA:285,3,1,0
BRDA:295,4,0,0
BRDA:295,4,1,1
BRDA:299,5,0,0
BRDA:299,5,1,1
BRF:10
BRH:2
end_of_record
